[0m12:13:13.567711 [debug] [MainThread]: Sending event: {'category': 'dbt', 'action': 'invocation', 'label': 'start', 'context': [<snowplow_tracker.self_describing_json.SelfDescribingJson object at 0x7cb468442ba0>, <snowplow_tracker.self_describing_json.SelfDescribingJson object at 0x7cb469fe4410>, <snowplow_tracker.self_describing_json.SelfDescribingJson object at 0x7cb4675c7d90>]}


============================== 12:13:13.588877 | 52b81d5b-1aff-46db-8b19-d8c238f1346d ==============================
[0m12:13:13.588877 [info ] [MainThread]: Running with dbt=1.11.2
[0m12:13:13.590459 [debug] [MainThread]: running dbt with arguments {'debug': 'False', 'invocation_command': 'dbt debug', 'indirect_selection': 'eager', 'use_experimental_parser': 'False', 'target_path': 'None', 'warn_error_options': 'WarnErrorOptionsV2(error=[], warn=[], silence=[])', 'warn_error': 'None', 'introspect': 'True', 'empty': 'None', 'log_path': '/workspaces/dbt-capstone-project/airstats/logs', 'partial_parse': 'True', 'fail_fast': 'False', 'printer_width': '80', 'write_json': 'True', 'no_print': 'None', 'log_cache_events': 'False', 'send_anonymous_usage_stats': 'True', 'use_colors': 'True', 'static_parser': 'True', 'cache_selected_only': 'False', 'quiet': 'False', 'log_format': 'default', 'profiles_dir': '/workspaces/dbt-capstone-project/airstats', 'version_check': 'True'}
[0m12:13:13.617553 [info ] [MainThread]: dbt version: 1.11.2
[0m12:13:13.618200 [info ] [MainThread]: python version: 3.13.6
[0m12:13:13.618758 [info ] [MainThread]: python path: /workspaces/dbt-capstone-project/.venv/bin/python
[0m12:13:13.619267 [info ] [MainThread]: os info: Linux-6.8.0-1044-azure-x86_64-with-glibc2.31
[0m12:13:14.757617 [debug] [MainThread]: Snowflake adapter: Setting snowflake.connector to ERROR (file logging only)
[0m12:13:14.758299 [debug] [MainThread]: Snowflake adapter: Setting botocore to ERROR (file logging only)
[0m12:13:14.758924 [debug] [MainThread]: Snowflake adapter: Setting boto3 to ERROR (file logging only)
[0m12:13:14.854098 [info ] [MainThread]: Using profiles dir at /workspaces/dbt-capstone-project/airstats
[0m12:13:14.855753 [info ] [MainThread]: Using profiles.yml file at /workspaces/dbt-capstone-project/airstats/profiles.yml
[0m12:13:14.856385 [info ] [MainThread]: Using dbt_project.yml file at /workspaces/dbt-capstone-project/airstats/dbt_project.yml
[0m12:13:14.857713 [info ] [MainThread]: adapter type: snowflake
[0m12:13:14.858116 [info ] [MainThread]: adapter version: 1.11.1
[0m12:13:14.983617 [info ] [MainThread]: Configuration:
[0m12:13:14.984207 [info ] [MainThread]:   profiles.yml file [[32mOK found and valid[0m]
[0m12:13:14.984699 [info ] [MainThread]:   dbt_project.yml file [[32mOK found and valid[0m]
[0m12:13:14.985072 [info ] [MainThread]: Required dependencies:
[0m12:13:14.985493 [debug] [MainThread]: Executing "git --help"
[0m12:13:14.988309 [debug] [MainThread]: STDOUT: "b"usage: git [-v | --version] [-h | --help] [-C <path>] [-c <name>=<value>]\n           [--exec-path[=<path>]] [--html-path] [--man-path] [--info-path]\n           [-p | --paginate | -P | --no-pager] [--no-replace-objects] [--no-lazy-fetch]\n           [--no-optional-locks] [--no-advice] [--bare] [--git-dir=<path>]\n           [--work-tree=<path>] [--namespace=<name>] [--config-env=<name>=<envvar>]\n           <command> [<args>]\n\nThese are common Git commands used in various situations:\n\nstart a working area (see also: git help tutorial)\n   clone      Clone a repository into a new directory\n   init       Create an empty Git repository or reinitialize an existing one\n\nwork on the current change (see also: git help everyday)\n   add        Add file contents to the index\n   mv         Move or rename a file, a directory, or a symlink\n   restore    Restore working tree files\n   rm         Remove files from the working tree and from the index\n\nexamine the history and state (see also: git help revisions)\n   bisect     Use binary search to find the commit that introduced a bug\n   diff       Show changes between commits, commit and working tree, etc\n   grep       Print lines matching a pattern\n   log        Show commit logs\n   show       Show various types of objects\n   status     Show the working tree status\n\ngrow, mark and tweak your common history\n   backfill   Download missing objects in a partial clone\n   branch     List, create, or delete branches\n   commit     Record changes to the repository\n   merge      Join two or more development histories together\n   rebase     Reapply commits on top of another base tip\n   reset      Reset current HEAD to the specified state\n   switch     Switch branches\n   tag        Create, list, delete or verify a tag object signed with GPG\n\ncollaborate (see also: git help workflows)\n   fetch      Download objects and refs from another repository\n   pull       Fetch from and integrate with another repository or a local branch\n   push       Update remote refs along with associated objects\n\n'git help -a' and 'git help -g' list available subcommands and some\nconcept guides. See 'git help <command>' or 'git help <concept>'\nto read about a specific subcommand or concept.\nSee 'git help git' for an overview of the system.\n""
[0m12:13:14.988893 [debug] [MainThread]: STDERR: "b''"
[0m12:13:14.989358 [info ] [MainThread]:  - git [[32mOK found[0m]

[0m12:13:14.990488 [info ] [MainThread]: Connection:
[0m12:13:14.990964 [info ] [MainThread]:   account: gnrrste-fg15586
[0m12:13:14.991444 [info ] [MainThread]:   user: dbt
[0m12:13:14.991862 [info ] [MainThread]:   database: AIRSTATS
[0m12:13:14.992930 [info ] [MainThread]:   warehouse: COMPUTE_WH
[0m12:13:14.993601 [info ] [MainThread]:   role: TRANSFORM
[0m12:13:14.994049 [info ] [MainThread]:   schema: DEV
[0m12:13:14.994415 [info ] [MainThread]:   authenticator: None
[0m12:13:14.994749 [info ] [MainThread]:   oauth_client_id: None
[0m12:13:14.995091 [info ] [MainThread]:   query_tag: None
[0m12:13:14.995458 [info ] [MainThread]:   client_session_keep_alive: False
[0m12:13:14.995876 [info ] [MainThread]:   host: None
[0m12:13:14.996198 [info ] [MainThread]:   port: None
[0m12:13:14.996577 [info ] [MainThread]:   proxy_host: None
[0m12:13:14.996970 [info ] [MainThread]:   proxy_port: None
[0m12:13:14.997395 [info ] [MainThread]:   protocol: None
[0m12:13:14.997822 [info ] [MainThread]:   connect_retries: 1
[0m12:13:14.998216 [info ] [MainThread]:   connect_timeout: None
[0m12:13:14.998720 [info ] [MainThread]:   retry_on_database_errors: False
[0m12:13:14.999123 [info ] [MainThread]:   retry_all: False
[0m12:13:14.999555 [info ] [MainThread]:   insecure_mode: False
[0m12:13:14.999905 [info ] [MainThread]:   reuse_connections: True
[0m12:13:15.000239 [info ] [MainThread]:   s3_stage_vpce_dns_name: None
[0m12:13:15.000592 [info ] [MainThread]:   platform_detection_timeout_seconds: 0.0
[0m12:13:15.001164 [info ] [MainThread]: Registered adapter: snowflake=1.11.1
[0m12:13:15.117723 [debug] [MainThread]: Acquiring new snowflake connection 'debug'
[0m12:13:15.157895 [debug] [MainThread]: Using snowflake connection "debug"
[0m12:13:15.158507 [debug] [MainThread]: On debug: select 1 as id
[0m12:13:15.158950 [debug] [MainThread]: Opening a new connection, currently in state init
[0m12:13:16.264527 [debug] [MainThread]: SQL status: SUCCESS 1 in 1.106 seconds
[0m12:13:16.265816 [info ] [MainThread]:   Connection test: [[32mOK connection ok[0m]

[0m12:13:16.266295 [info ] [MainThread]: [32mAll checks passed![0m
[0m12:13:16.267382 [debug] [MainThread]: Resource report: {"command_name": "debug", "command_success": true, "command_wall_clock_time": 2.7760444, "process_in_blocks": "32608", "process_kernel_time": 0.259243, "process_mem_max_rss": "149672", "process_out_blocks": "17128", "process_user_time": 3.283096}
[0m12:13:16.267906 [debug] [MainThread]: Command `dbt debug` succeeded at 12:13:16.267802 after 2.78 seconds
[0m12:13:16.268244 [debug] [MainThread]: Connection 'debug' was left open.
[0m12:13:16.268575 [debug] [MainThread]: On debug: Close
[0m12:13:16.351103 [debug] [MainThread]: Sending event: {'category': 'dbt', 'action': 'invocation', 'label': 'end', 'context': [<snowplow_tracker.self_describing_json.SelfDescribingJson object at 0x7cb464986780>, <snowplow_tracker.self_describing_json.SelfDescribingJson object at 0x7cb4687a5d90>, <snowplow_tracker.self_describing_json.SelfDescribingJson object at 0x7cb465bab240>]}
[0m12:13:16.351731 [debug] [MainThread]: Flushing usage events
[0m12:13:16.715405 [debug] [MainThread]: An error was encountered while trying to flush usage events
